     1 00000000                                 ; eOS
     2 00000000                                 ; TAB=4
     3 00000000                                 
     4 00000000                                 ; BOOT_INFO関係
     5  = 00000FF0                              CYLS	EQU		0x0ff0			; ブートセクタが設定する
     6  = 00000FF1                              LEDS	EQU		0x0ff1
     7  = 00000FF2                              VMODE	EQU		0x0ff2			; 色数に関する情報。何ビットカラーか
     8  = 00000FF4                              SCRNX	EQU		0x0ff4			; 解像度のX
     9  = 00000FF6                              SCRNY	EQU		0x0ff6			; 解像度のY
    10  = 00000FF8                              VRAM	EQU		0x0ff8			; グラフィックバッファの開始番地
    11 00000000                                 
    12                                          		ORG		0xc200			; このプログラムがどこに読み込まれているか
    13 0000C200                                 
    14 0000C200 B0 13                           		MOV		AL,0x13			; VGAグラフィックス,　320x200x8bitカラー
    15 0000C202 B4 00                           		MOV		AH,0x00
    16 0000C204                                 		INY		0x10
      >> [ERROR #001] syntax error.
    17 0000C204 C6 06 0FF2 08                   		MOV		BYTE [VMODE],8	; 画面モードをメモする
    18 0000C209 C7 06 0FF4 0140                 		MOV		WORD [SCRNX],320
    19 0000C20F C7 06 0FF6 00C8                 		MOV		WORD [SCRNY],200
    20 0000C215 66 C7 06 0FF8 000A0000          		MOV		DWORD [VRAM],0x000a0000
    21 0000C21E                                 
    22 0000C21E                                 ; キーボードのLED状態をBIOSに教えてもう
    23 0000C21E                                 
    24 0000C21E B4 02                           		MOV		AH,0x02
    25 0000C220 CD 16                           		INT		0x16			; keyboard BIOS
    26 0000C222 A2 0FF1                         		MOV		[LEDS],AL
    27 0000C225                                 fin:
    28 0000C225 F4                              		HLT
    29 0000C226 EB FD                           		JMP		fin
